c:\users\ianaesthetic\desktop\hbw\directx_learning\draw\box\debug\color.cso
c:\users\ianaesthetic\desktop\hbw\directx_learning\draw\box\box\debug\vc141.pdb
c:\users\ianaesthetic\desktop\hbw\directx_learning\draw\box\box\debug\vc141.idb
c:\users\ianaesthetic\desktop\hbw\directx_learning\draw\box\box\debug\d3dapp.obj
c:\users\ianaesthetic\desktop\hbw\directx_learning\draw\box\box\debug\dxerr.obj
c:\users\ianaesthetic\desktop\hbw\directx_learning\draw\box\box\debug\gametimer.obj
c:\users\ianaesthetic\desktop\hbw\directx_learning\draw\box\box\debug\box.obj
c:\users\ianaesthetic\desktop\hbw\directx_learning\draw\box\debug\box.ilk
c:\users\ianaesthetic\desktop\hbw\directx_learning\draw\box\debug\box.exe
c:\users\ianaesthetic\desktop\hbw\directx_learning\draw\box\debug\box.pdb
d:\directx_learning\draw\box\box\debug\box.obj
d:\directx_learning\draw\box\box\debug\d3dapp.obj
d:\directx_learning\draw\box\box\debug\dxerr.obj
d:\directx_learning\draw\box\box\debug\gametimer.obj
d:\directx_learning\draw\box\box\debug\vc141.idb
d:\directx_learning\draw\box\box\debug\vc141.pdb
d:\directx_learning\draw\box\debug\box.pdb
d:\directx_learning\draw\box\debug\box.exe
d:\directx_learning\draw\box\debug\box.ilk
d:\directx_learning\draw\box\box\debug\box.tlog\box.write.1u.tlog
d:\directx_learning\draw\box\box\debug\box.tlog\cl.command.1.tlog
d:\directx_learning\draw\box\box\debug\box.tlog\cl.read.1.tlog
d:\directx_learning\draw\box\box\debug\box.tlog\cl.write.1.tlog
d:\directx_learning\draw\box\box\debug\box.tlog\link.command.1.tlog
d:\directx_learning\draw\box\box\debug\box.tlog\link.read.1.tlog
d:\directx_learning\draw\box\box\debug\box.tlog\link.write.1.tlog
